<?xml version="1.0" encoding="UTF-8"?>
<robot generator="Robot 5.0.1 (Python 3.10.4 on win32)" generated="20220610 01:16:12.891" rpa="false" schemaversion="3">
<suite id="s1" name="Tables" source="c:\qaninja\robot\web\tests\tables.robot">
<test id="s1-t1" name="Verifica o valor ao informar o numero da linha" line="10">
<kw name="Nova sessão" library="base" type="SETUP">
<kw name="Open Browser" library="SeleniumLibrary">
<arg>${url}</arg>
<arg>chrome</arg>
<doc>Opens a new browser instance to the optional ``url``.</doc>
<msg timestamp="20220610 01:16:13.205" level="INFO">Opening browser 'chrome' to base url 'https://training-wheels-protocol.herokuapp.com/'.</msg>
<status status="PASS" starttime="20220610 01:16:13.205" endtime="20220610 01:16:17.237"/>
</kw>
<status status="PASS" starttime="20220610 01:16:13.204" endtime="20220610 01:16:17.238"/>
</kw>
<kw name="Go To" library="SeleniumLibrary">
<arg>${url}/tables</arg>
<doc>Navigates the current browser window to the provided ``url``.</doc>
<msg timestamp="20220610 01:16:17.239" level="INFO">Opening url 'https://training-wheels-protocol.herokuapp.com//tables'</msg>
<status status="PASS" starttime="20220610 01:16:17.238" endtime="20220610 01:16:17.701"/>
</kw>
<kw name="Table Row Should Contain" library="SeleniumLibrary">
<arg>id:actors</arg>
<arg>1</arg>
<arg>$ 10.000.000</arg>
<doc>Verifies that table row contains text ``expected``.</doc>
<status status="PASS" starttime="20220610 01:16:17.702" endtime="20220610 01:16:17.820"/>
</kw>
<kw name="Encerra sessão" library="base" type="TEARDOWN">
<kw name="Capture Page Screenshot" library="SeleniumLibrary">
<doc>Takes a screenshot of the current page and embeds it into a log file.</doc>
<msg timestamp="20220610 01:16:17.953" level="INFO" html="true">&lt;/td&gt;&lt;/tr&gt;&lt;tr&gt;&lt;td colspan="3"&gt;&lt;a href="selenium-screenshot-30.png"&gt;&lt;img src="selenium-screenshot-30.png" width="800px"&gt;&lt;/a&gt;</msg>
<status status="PASS" starttime="20220610 01:16:17.821" endtime="20220610 01:16:17.953"/>
</kw>
<kw name="Close Browser" library="SeleniumLibrary">
<doc>Closes the current browser.</doc>
<status status="PASS" starttime="20220610 01:16:17.954" endtime="20220610 01:16:20.199"/>
</kw>
<status status="PASS" starttime="20220610 01:16:17.821" endtime="20220610 01:16:20.199"/>
</kw>
<status status="PASS" starttime="20220610 01:16:13.203" endtime="20220610 01:16:20.200"/>
</test>
<test id="s1-t2" name="Descobre a linha pelo texto e valida os demais valores" line="15">
<kw name="Nova sessão" library="base" type="SETUP">
<kw name="Open Browser" library="SeleniumLibrary">
<arg>${url}</arg>
<arg>chrome</arg>
<doc>Opens a new browser instance to the optional ``url``.</doc>
<msg timestamp="20220610 01:16:20.204" level="INFO">Opening browser 'chrome' to base url 'https://training-wheels-protocol.herokuapp.com/'.</msg>
<status status="PASS" starttime="20220610 01:16:20.204" endtime="20220610 01:16:24.376"/>
</kw>
<status status="PASS" starttime="20220610 01:16:20.203" endtime="20220610 01:16:24.377"/>
</kw>
<kw name="Go To" library="SeleniumLibrary">
<arg>${url}/tables</arg>
<doc>Navigates the current browser window to the provided ``url``.</doc>
<msg timestamp="20220610 01:16:24.378" level="INFO">Opening url 'https://training-wheels-protocol.herokuapp.com//tables'</msg>
<status status="PASS" starttime="20220610 01:16:24.377" endtime="20220610 01:16:24.876"/>
</kw>
<kw name="Get WebElement" library="SeleniumLibrary">
<var>${target}</var>
<arg>xpath:.//tr[contains(., '@chadwickboseman')]</arg>
<doc>Returns the first WebElement matching the given ``locator``.</doc>
<msg timestamp="20220610 01:16:24.899" level="INFO">${target} = &lt;selenium.webdriver.remote.webelement.WebElement (session="333a05cfb8ebbdda67af820bf22cf8e7", element="dbaf2eac-4017-4945-af00-ef0ef5b5c242")&gt;</msg>
<status status="PASS" starttime="20220610 01:16:24.877" endtime="20220610 01:16:24.899"/>
</kw>
<kw name="Should Contain" library="BuiltIn">
<arg>${target.text}</arg>
<arg>$ 700.000</arg>
<doc>Fails if ``container`` does not contain ``item`` one or more times.</doc>
<status status="PASS" starttime="20220610 01:16:24.899" endtime="20220610 01:16:24.922"/>
</kw>
<kw name="Should Contain" library="BuiltIn">
<arg>${target.text}</arg>
<arg>Pantera Negra</arg>
<doc>Fails if ``container`` does not contain ``item`` one or more times.</doc>
<status status="PASS" starttime="20220610 01:16:24.923" endtime="20220610 01:16:24.937"/>
</kw>
<kw name="Encerra sessão" library="base" type="TEARDOWN">
<kw name="Capture Page Screenshot" library="SeleniumLibrary">
<doc>Takes a screenshot of the current page and embeds it into a log file.</doc>
<msg timestamp="20220610 01:16:25.067" level="INFO" html="true">&lt;/td&gt;&lt;/tr&gt;&lt;tr&gt;&lt;td colspan="3"&gt;&lt;a href="selenium-screenshot-31.png"&gt;&lt;img src="selenium-screenshot-31.png" width="800px"&gt;&lt;/a&gt;</msg>
<status status="PASS" starttime="20220610 01:16:24.938" endtime="20220610 01:16:25.067"/>
</kw>
<kw name="Close Browser" library="SeleniumLibrary">
<doc>Closes the current browser.</doc>
<status status="PASS" starttime="20220610 01:16:25.067" endtime="20220610 01:16:27.246"/>
</kw>
<status status="PASS" starttime="20220610 01:16:24.937" endtime="20220610 01:16:27.246"/>
</kw>
<status status="PASS" starttime="20220610 01:16:20.202" endtime="20220610 01:16:27.247"/>
</test>
<status status="PASS" starttime="20220610 01:16:12.893" endtime="20220610 01:16:27.249"/>
</suite>
<statistics>
<total>
<stat pass="2" fail="0" skip="0">All Tests</stat>
</total>
<tag>
</tag>
<suite>
<stat pass="2" fail="0" skip="0" id="s1" name="Tables">Tables</stat>
</suite>
</statistics>
<errors>
</errors>
</robot>
