<?xml version="1.0" encoding="UTF-8"?>
<robot generator="Robot 5.0.1 (Python 3.10.4 on win32)" generated="20220606 00:44:13.959" rpa="false" schemaversion="3">
<suite id="s1" name="Test" source="c:\qaninja\robot\test.robot">
<test id="s1-t1" name="Deve retornar mensagem de boas vindas" line="7">
<kw name="$[result]-">
<arg>welcome</arg>
<arg>Fernando</arg>
<msg timestamp="20220606 00:44:14.006" level="FAIL">No keyword with name '$[result]-' found.</msg>
<status status="FAIL" starttime="20220606 00:44:14.006" endtime="20220606 00:44:14.007"/>
</kw>
<kw name="Should Be Equal $[result]">
<arg>OláFernando, bem vindo ao curso basico!</arg>
<status status="NOT RUN" starttime="20220606 00:44:14.010" endtime="20220606 00:44:14.010"/>
</kw>
<status status="FAIL" starttime="20220606 00:44:14.002" endtime="20220606 00:44:14.011">No keyword with name '$[result]-' found.</status>
</test>
<status status="FAIL" starttime="20220606 00:44:13.962" endtime="20220606 00:44:14.013"/>
</suite>
<statistics>
<total>
<stat pass="0" fail="1" skip="0">All Tests</stat>
</total>
<tag>
</tag>
<suite>
<stat pass="0" fail="1" skip="0" id="s1" name="Test">Test</stat>
</suite>
</statistics>
<errors>
</errors>
</robot>
